<?xml version="1.0" encoding="UTF-8"?>
<coverage generated="1774695793618" clover="3.2.0">
  <project timestamp="1774695793618" name="All files">
    <metrics statements="127" coveredstatements="68" conditionals="92" coveredconditionals="37" methods="39" coveredmethods="19" elements="258" coveredelements="124" complexity="0" loc="127" ncloc="127" packages="2" files="5" classes="5"/>
    <package name="employees">
      <metrics statements="76" coveredstatements="29" conditionals="65" coveredconditionals="17" methods="15" coveredmethods="6"/>
      <file name="AddEmployeeModel.tsx" path="C:\Users\user\Desktop\offfff\FrontOffice\src\app\components\employees\AddEmployeeModel.tsx">
        <metrics statements="35" coveredstatements="22" conditionals="23" coveredconditionals="12" methods="4" coveredmethods="3"/>
        <line num="15" count="25" type="stmt"/>
        <line num="22" count="25" type="stmt"/>
        <line num="24" count="25" type="cond" truecount="2" falsecount="0"/>
        <line num="26" count="7" type="stmt"/>
        <line num="29" count="4" type="stmt"/>
        <line num="32" count="7" type="stmt"/>
        <line num="33" count="1" type="stmt"/>
        <line num="36" count="1" type="cond" truecount="4" falsecount="1"/>
        <line num="37" count="0" type="stmt"/>
        <line num="38" count="0" type="stmt"/>
        <line num="42" count="1" type="cond" truecount="1" falsecount="1"/>
        <line num="43" count="0" type="cond" truecount="0" falsecount="2"/>
        <line num="44" count="0" type="stmt"/>
        <line num="45" count="0" type="stmt"/>
        <line num="48" count="0" type="cond" truecount="0" falsecount="2"/>
        <line num="49" count="0" type="stmt"/>
        <line num="50" count="0" type="stmt"/>
        <line num="54" count="1" type="stmt"/>
        <line num="55" count="1" type="stmt"/>
        <line num="57" count="1" type="stmt"/>
        <line num="58" count="1" type="stmt"/>
        <line num="59" count="1" type="stmt"/>
        <line num="60" count="1" type="stmt"/>
        <line num="62" count="1" type="cond" truecount="1" falsecount="1"/>
        <line num="63" count="0" type="stmt"/>
        <line num="66" count="1" type="stmt"/>
        <line num="68" count="1" type="stmt"/>
        <line num="69" count="1" type="stmt"/>
        <line num="72" count="1" type="stmt"/>
        <line num="78" count="1" type="stmt"/>
        <line num="80" count="0" type="stmt"/>
        <line num="81" count="0" type="cond" truecount="0" falsecount="2"/>
        <line num="85" count="7" type="stmt"/>
        <line num="158" count="0" type="cond" truecount="0" falsecount="2"/>
        <line num="159" count="0" type="stmt"/>
      </file>
      <file name="EditEmployeeModel.tsx" path="C:\Users\user\Desktop\offfff\FrontOffice\src\app\components\employees\EditEmployeeModel.tsx">
        <metrics statements="16" coveredstatements="4" conditionals="16" coveredconditionals="3" methods="4" coveredmethods="2"/>
        <line num="16" count="21" type="stmt"/>
        <line num="23" count="21" type="stmt"/>
        <line num="24" count="7" type="cond" truecount="1" falsecount="1"/>
        <line num="25" count="0" type="stmt"/>
        <line num="34" count="21" type="cond" truecount="2" falsecount="2"/>
        <line num="36" count="0" type="stmt"/>
        <line num="37" count="0" type="stmt"/>
        <line num="40" count="0" type="stmt"/>
        <line num="41" count="0" type="stmt"/>
        <line num="42" count="0" type="stmt"/>
        <line num="43" count="0" type="stmt"/>
        <line num="44" count="0" type="stmt"/>
        <line num="45" count="0" type="stmt"/>
        <line num="47" count="0" type="stmt"/>
        <line num="48" count="0" type="stmt"/>
        <line num="52" count="0" type="stmt"/>
      </file>
      <file name="EmployeeProfile.tsx" path="C:\Users\user\Desktop\offfff\FrontOffice\src\app\components\employees\EmployeeProfile.tsx">
        <metrics statements="18" coveredstatements="2" conditionals="17" coveredconditionals="0" methods="5" coveredmethods="0"/>
        <line num="18" count="1" type="stmt"/>
        <line num="27" count="1" type="stmt"/>
        <line num="52" count="0" type="stmt"/>
        <line num="53" count="0" type="cond" truecount="0" falsecount="5"/>
        <line num="55" count="0" type="stmt"/>
        <line num="57" count="0" type="stmt"/>
        <line num="59" count="0" type="stmt"/>
        <line num="61" count="0" type="stmt"/>
        <line num="63" count="0" type="stmt"/>
        <line num="67" count="0" type="stmt"/>
        <line num="68" count="0" type="cond" truecount="0" falsecount="4"/>
        <line num="70" count="0" type="stmt"/>
        <line num="72" count="0" type="stmt"/>
        <line num="74" count="0" type="stmt"/>
        <line num="76" count="0" type="stmt"/>
        <line num="80" count="0" type="stmt"/>
        <line num="159" count="0" type="stmt"/>
        <line num="188" count="0" type="stmt"/>
      </file>
      <file name="ViewEmployeeModel.tsx" path="C:\Users\user\Desktop\offfff\FrontOffice\src\app\components\employees\ViewEmployeeModel.tsx">
        <metrics statements="7" coveredstatements="1" conditionals="9" coveredconditionals="2" methods="2" coveredmethods="1"/>
        <line num="17" count="21" type="cond" truecount="2" falsecount="2"/>
        <line num="20" count="0" type="stmt"/>
        <line num="21" count="0" type="cond" truecount="0" falsecount="3"/>
        <line num="23" count="0" type="stmt"/>
        <line num="25" count="0" type="stmt"/>
        <line num="27" count="0" type="stmt"/>
        <line num="31" count="0" type="stmt"/>
      </file>
    </package>
    <package name="views">
      <metrics statements="51" coveredstatements="39" conditionals="27" coveredconditionals="20" methods="24" coveredmethods="13"/>
      <file name="Employees.tsx" path="C:\Users\user\Desktop\offfff\FrontOffice\src\app\components\views\Employees.tsx">
        <metrics statements="51" coveredstatements="39" conditionals="27" coveredconditionals="20" methods="24" coveredmethods="13"/>
        <line num="28" count="23" type="stmt"/>
        <line num="29" count="23" type="stmt"/>
        <line num="30" count="23" type="stmt"/>
        <line num="31" count="23" type="stmt"/>
        <line num="32" count="23" type="stmt"/>
        <line num="33" count="23" type="stmt"/>
        <line num="34" count="23" type="stmt"/>
        <line num="35" count="23" type="stmt"/>
        <line num="38" count="23" type="stmt"/>
        <line num="39" count="23" type="stmt"/>
        <line num="42" count="23" type="stmt"/>
        <line num="44" count="23" type="stmt"/>
        <line num="45" count="9" type="stmt"/>
        <line num="46" count="9" type="stmt"/>
        <line num="47" count="18" type="stmt"/>
        <line num="51" count="9" type="stmt"/>
        <line num="53" count="0" type="stmt"/>
        <line num="57" count="23" type="stmt"/>
        <line num="58" count="7" type="stmt"/>
        <line num="62" count="23" type="stmt"/>
        <line num="64" count="32" type="cond" truecount="3" falsecount="0"/>
        <line num="69" count="32" type="cond" truecount="1" falsecount="1"/>
        <line num="71" count="32" type="cond" truecount="2" falsecount="0"/>
        <line num="75" count="23" type="stmt"/>
        <line num="76" count="23" type="stmt"/>
        <line num="77" count="23" type="stmt"/>
        <line num="78" count="23" type="stmt"/>
        <line num="81" count="23" type="stmt"/>
        <line num="82" count="9" type="stmt"/>
        <line num="85" count="23" type="cond" truecount="1" falsecount="1"/>
        <line num="86" count="0" type="stmt"/>
        <line num="89" count="0" type="stmt"/>
        <line num="95" count="23" type="stmt"/>
        <line num="109" count="3" type="stmt"/>
        <line num="134" count="2" type="stmt"/>
        <line num="151" count="0" type="stmt"/>
        <line num="155" count="138" type="stmt"/>
        <line num="183" count="28" type="stmt"/>
        <line num="223" count="0" type="stmt"/>
        <line num="224" count="0" type="stmt"/>
        <line num="234" count="0" type="stmt"/>
        <line num="242" count="1" type="cond" truecount="1" falsecount="1"/>
        <line num="243" count="1" type="stmt"/>
        <line num="244" count="1" type="stmt"/>
        <line num="272" count="0" type="stmt"/>
        <line num="278" count="16" type="stmt"/>
        <line num="283" count="0" type="stmt"/>
        <line num="292" count="0" type="stmt"/>
        <line num="305" count="2" type="stmt"/>
        <line num="312" count="0" type="stmt"/>
        <line num="319" count="0" type="stmt"/>
      </file>
    </package>
  </project>
</coverage>
