{"C:\\Users\\user\\Desktop\\offfff\\FrontOffice\\src\\app\\components\\employees\\AddEmployeeModel.tsx": {"path":"C:\\Users\\user\\Desktop\\offfff\\FrontOffice\\src\\app\\components\\employees\\AddEmployeeModel.tsx","statementMap":{"0":{"start":{"line":15,"column":26},"end":{"line":20,"column":4}},"1":{"start":{"line":22,"column":26},"end":{"line":22,"column":53}},"2":{"start":{"line":24,"column":2},"end":{"line":24,"column":25}},"3":{"start":{"line":24,"column":13},"end":{"line":24,"column":25}},"4":{"start":{"line":26,"column":23},"end":{"line":30,"column":3}},"5":{"start":{"line":29,"column":4},"end":{"line":29,"column":58}},"6":{"start":{"line":32,"column":23},"end":{"line":83,"column":3}},"7":{"start":{"line":33,"column":4},"end":{"line":33,"column":23}},"8":{"start":{"line":36,"column":4},"end":{"line":39,"column":5}},"9":{"start":{"line":37,"column":6},"end":{"line":37,"column":53}},"10":{"start":{"line":38,"column":6},"end":{"line":38,"column":13}},"11":{"start":{"line":42,"column":4},"end":{"line":52,"column":5}},"12":{"start":{"line":43,"column":6},"end":{"line":46,"column":7}},"13":{"start":{"line":44,"column":8},"end":{"line":44,"column":52}},"14":{"start":{"line":45,"column":8},"end":{"line":45,"column":15}},"15":{"start":{"line":48,"column":6},"end":{"line":51,"column":7}},"16":{"start":{"line":49,"column":8},"end":{"line":49,"column":44}},"17":{"start":{"line":50,"column":8},"end":{"line":50,"column":15}},"18":{"start":{"line":54,"column":4},"end":{"line":82,"column":5}},"19":{"start":{"line":55,"column":23},"end":{"line":55,"column":37}},"20":{"start":{"line":57,"column":6},"end":{"line":57,"column":41}},"21":{"start":{"line":58,"column":6},"end":{"line":58,"column":43}},"22":{"start":{"line":59,"column":6},"end":{"line":59,"column":49}},"23":{"start":{"line":60,"column":6},"end":{"line":60,"column":41}},"24":{"start":{"line":62,"column":6},"end":{"line":64,"column":7}},"25":{"start":{"line":63,"column":8},"end":{"line":63,"column":36}},"26":{"start":{"line":66,"column":6},"end":{"line":66,"column":37}},"27":{"start":{"line":68,"column":6},"end":{"line":68,"column":18}},"28":{"start":{"line":69,"column":6},"end":{"line":69,"column":16}},"29":{"start":{"line":72,"column":6},"end":{"line":77,"column":9}},"30":{"start":{"line":78,"column":6},"end":{"line":78,"column":20}},"31":{"start":{"line":80,"column":6},"end":{"line":80,"column":55}},"32":{"start":{"line":81,"column":6},"end":{"line":81,"column":70}},"33":{"start":{"line":85,"column":2},"end":{"line":189,"column":4}},"34":{"start":{"line":158,"column":24},"end":{"line":160,"column":25}},"35":{"start":{"line":159,"column":26},"end":{"line":159,"column":53}}},"fnMap":{"0":{"name":"AddEmployeeModal","decl":{"start":{"line":10,"column":24},"end":{"line":10,"column":40}},"loc":{"start":{"line":14,"column":10},"end":{"line":190,"column":1}},"line":14},"1":{"name":"(anonymous_1)","decl":{"start":{"line":26,"column":23},"end":{"line":26,"column":24}},"loc":{"start":{"line":28,"column":7},"end":{"line":30,"column":3}},"line":28},"2":{"name":"(anonymous_2)","decl":{"start":{"line":32,"column":23},"end":{"line":32,"column":24}},"loc":{"start":{"line":32,"column":53},"end":{"line":83,"column":3}},"line":32},"3":{"name":"(anonymous_3)","decl":{"start":{"line":157,"column":32},"end":{"line":157,"column":33}},"loc":{"start":{"line":157,"column":39},"end":{"line":161,"column":23}},"line":157}},"branchMap":{"0":{"loc":{"start":{"line":24,"column":2},"end":{"line":24,"column":25}},"type":"if","locations":[{"start":{"line":24,"column":2},"end":{"line":24,"column":25}},{"start":{},"end":{}}],"line":24},"1":{"loc":{"start":{"line":36,"column":4},"end":{"line":39,"column":5}},"type":"if","locations":[{"start":{"line":36,"column":4},"end":{"line":39,"column":5}},{"start":{},"end":{}}],"line":36},"2":{"loc":{"start":{"line":36,"column":8},"end":{"line":36,"column":51}},"type":"binary-expr","locations":[{"start":{"line":36,"column":8},"end":{"line":36,"column":18}},{"start":{"line":36,"column":22},"end":{"line":36,"column":33}},{"start":{"line":36,"column":37},"end":{"line":36,"column":51}}],"line":36},"3":{"loc":{"start":{"line":42,"column":4},"end":{"line":52,"column":5}},"type":"if","locations":[{"start":{"line":42,"column":4},"end":{"line":52,"column":5}},{"start":{},"end":{}}],"line":42},"4":{"loc":{"start":{"line":43,"column":6},"end":{"line":46,"column":7}},"type":"if","locations":[{"start":{"line":43,"column":6},"end":{"line":46,"column":7}},{"start":{},"end":{}}],"line":43},"5":{"loc":{"start":{"line":48,"column":6},"end":{"line":51,"column":7}},"type":"if","locations":[{"start":{"line":48,"column":6},"end":{"line":51,"column":7}},{"start":{},"end":{}}],"line":48},"6":{"loc":{"start":{"line":62,"column":6},"end":{"line":64,"column":7}},"type":"if","locations":[{"start":{"line":62,"column":6},"end":{"line":64,"column":7}},{"start":{},"end":{}}],"line":62},"7":{"loc":{"start":{"line":81,"column":12},"end":{"line":81,"column":68}},"type":"binary-expr","locations":[{"start":{"line":81,"column":12},"end":{"line":81,"column":39}},{"start":{"line":81,"column":43},"end":{"line":81,"column":68}}],"line":81},"8":{"loc":{"start":{"line":150,"column":17},"end":{"line":165,"column":17}},"type":"binary-expr","locations":[{"start":{"line":150,"column":17},"end":{"line":150,"column":41}},{"start":{"line":151,"column":18},"end":{"line":164,"column":24}}],"line":150},"9":{"loc":{"start":{"line":158,"column":24},"end":{"line":160,"column":25}},"type":"if","locations":[{"start":{"line":158,"column":24},"end":{"line":160,"column":25}},{"start":{},"end":{}}],"line":158},"10":{"loc":{"start":{"line":187,"column":7},"end":{"line":187,"column":63}},"type":"binary-expr","locations":[{"start":{"line":187,"column":7},"end":{"line":187,"column":11}},{"start":{"line":187,"column":15},"end":{"line":187,"column":63}}],"line":187}},"s":{"0":25,"1":25,"2":25,"3":18,"4":7,"5":4,"6":7,"7":1,"8":1,"9":0,"10":0,"11":1,"12":0,"13":0,"14":0,"15":0,"16":0,"17":0,"18":1,"19":1,"20":1,"21":1,"22":1,"23":1,"24":1,"25":0,"26":1,"27":1,"28":1,"29":1,"30":1,"31":0,"32":0,"33":7,"34":0,"35":0},"f":{"0":25,"1":4,"2":1,"3":0},"b":{"0":[18,7],"1":[0,1],"2":[1,1,1],"3":[0,1],"4":[0,0],"5":[0,0],"6":[0,1],"7":[0,0],"8":[7,6],"9":[0,0],"10":[7,7]},"_coverageSchema":"1a1c01bbd47fc00a2c39e90264f33305004495a9","hash":"c82698393159055f8471cd887f4b424a9a856e30"}
,"C:\\Users\\user\\Desktop\\offfff\\FrontOffice\\src\\app\\components\\employees\\EditEmployeeModel.tsx": {"path":"C:\\Users\\user\\Desktop\\offfff\\FrontOffice\\src\\app\\components\\employees\\EditEmployeeModel.tsx","statementMap":{"0":{"start":{"line":16,"column":26},"end":{"line":21,"column":4}},"1":{"start":{"line":23,"column":2},"end":{"line":32,"column":17}},"2":{"start":{"line":24,"column":4},"end":{"line":31,"column":5}},"3":{"start":{"line":25,"column":6},"end":{"line":30,"column":9}},"4":{"start":{"line":34,"column":2},"end":{"line":34,"column":38}},"5":{"start":{"line":34,"column":26},"end":{"line":34,"column":38}},"6":{"start":{"line":36,"column":23},"end":{"line":38,"column":3}},"7":{"start":{"line":37,"column":4},"end":{"line":37,"column":58}},"8":{"start":{"line":40,"column":23},"end":{"line":50,"column":3}},"9":{"start":{"line":41,"column":4},"end":{"line":41,"column":23}},"10":{"start":{"line":42,"column":4},"end":{"line":49,"column":5}},"11":{"start":{"line":43,"column":6},"end":{"line":43,"column":46}},"12":{"start":{"line":44,"column":6},"end":{"line":44,"column":18}},"13":{"start":{"line":45,"column":6},"end":{"line":45,"column":16}},"14":{"start":{"line":47,"column":6},"end":{"line":47,"column":25}},"15":{"start":{"line":48,"column":6},"end":{"line":48,"column":41}},"16":{"start":{"line":52,"column":2},"end":{"line":134,"column":4}}},"fnMap":{"0":{"name":"EditEmployeeModal","decl":{"start":{"line":4,"column":24},"end":{"line":4,"column":41}},"loc":{"start":{"line":14,"column":3},"end":{"line":135,"column":1}},"line":14},"1":{"name":"(anonymous_1)","decl":{"start":{"line":23,"column":12},"end":{"line":23,"column":13}},"loc":{"start":{"line":23,"column":18},"end":{"line":32,"column":3}},"line":23},"2":{"name":"(anonymous_2)","decl":{"start":{"line":36,"column":23},"end":{"line":36,"column":24}},"loc":{"start":{"line":36,"column":34},"end":{"line":38,"column":3}},"line":36},"3":{"name":"(anonymous_3)","decl":{"start":{"line":40,"column":23},"end":{"line":40,"column":24}},"loc":{"start":{"line":40,"column":40},"end":{"line":50,"column":3}},"line":40}},"branchMap":{"0":{"loc":{"start":{"line":24,"column":4},"end":{"line":31,"column":5}},"type":"if","locations":[{"start":{"line":24,"column":4},"end":{"line":31,"column":5}},{"start":{},"end":{}}],"line":24},"1":{"loc":{"start":{"line":26,"column":14},"end":{"line":26,"column":33}},"type":"binary-expr","locations":[{"start":{"line":26,"column":14},"end":{"line":26,"column":27}},{"start":{"line":26,"column":31},"end":{"line":26,"column":33}}],"line":26},"2":{"loc":{"start":{"line":27,"column":15},"end":{"line":27,"column":35}},"type":"binary-expr","locations":[{"start":{"line":27,"column":15},"end":{"line":27,"column":29}},{"start":{"line":27,"column":33},"end":{"line":27,"column":35}}],"line":27},"3":{"loc":{"start":{"line":29,"column":14},"end":{"line":29,"column":41}},"type":"binary-expr","locations":[{"start":{"line":29,"column":14},"end":{"line":29,"column":27}},{"start":{"line":29,"column":31},"end":{"line":29,"column":41}}],"line":29},"4":{"loc":{"start":{"line":34,"column":2},"end":{"line":34,"column":38}},"type":"if","locations":[{"start":{"line":34,"column":2},"end":{"line":34,"column":38}},{"start":{},"end":{}}],"line":34},"5":{"loc":{"start":{"line":34,"column":6},"end":{"line":34,"column":24}},"type":"binary-expr","locations":[{"start":{"line":34,"column":6},"end":{"line":34,"column":11}},{"start":{"line":34,"column":15},"end":{"line":34,"column":24}}],"line":34},"6":{"loc":{"start":{"line":95,"column":27},"end":{"line":95,"column":46}},"type":"binary-expr","locations":[{"start":{"line":95,"column":27},"end":{"line":95,"column":40}},{"start":{"line":95,"column":44},"end":{"line":95,"column":46}}],"line":95},"7":{"loc":{"start":{"line":132,"column":7},"end":{"line":132,"column":63}},"type":"binary-expr","locations":[{"start":{"line":132,"column":7},"end":{"line":132,"column":11}},{"start":{"line":132,"column":15},"end":{"line":132,"column":63}}],"line":132}},"s":{"0":21,"1":21,"2":7,"3":0,"4":21,"5":21,"6":0,"7":0,"8":0,"9":0,"10":0,"11":0,"12":0,"13":0,"14":0,"15":0,"16":0},"f":{"0":21,"1":7,"2":0,"3":0},"b":{"0":[0,7],"1":[0,0],"2":[0,0],"3":[0,0],"4":[21,0],"5":[21,0],"6":[0,0],"7":[0,0]},"_coverageSchema":"1a1c01bbd47fc00a2c39e90264f33305004495a9","hash":"2c5a92ba6dccdb3ca34a1c18f67c5636e3878095"}
,"C:\\Users\\user\\Desktop\\offfff\\FrontOffice\\src\\app\\components\\employees\\EmployeeProfile.tsx": {"path":"C:\\Users\\user\\Desktop\\offfff\\FrontOffice\\src\\app\\components\\employees\\EmployeeProfile.tsx","statementMap":{"0":{"start":{"line":18,"column":28},"end":{"line":25,"column":1}},"1":{"start":{"line":27,"column":23},"end":{"line":49,"column":1}},"2":{"start":{"line":52,"column":24},"end":{"line":65,"column":3}},"3":{"start":{"line":53,"column":4},"end":{"line":64,"column":5}},"4":{"start":{"line":55,"column":8},"end":{"line":55,"column":45}},"5":{"start":{"line":57,"column":8},"end":{"line":57,"column":43}},"6":{"start":{"line":59,"column":8},"end":{"line":59,"column":47}},"7":{"start":{"line":61,"column":8},"end":{"line":61,"column":41}},"8":{"start":{"line":63,"column":8},"end":{"line":63,"column":43}},"9":{"start":{"line":67,"column":23},"end":{"line":78,"column":3}},"10":{"start":{"line":68,"column":4},"end":{"line":77,"column":5}},"11":{"start":{"line":70,"column":8},"end":{"line":70,"column":47}},"12":{"start":{"line":72,"column":8},"end":{"line":72,"column":43}},"13":{"start":{"line":74,"column":8},"end":{"line":74,"column":43}},"14":{"start":{"line":76,"column":8},"end":{"line":76,"column":43}},"15":{"start":{"line":80,"column":2},"end":{"line":225,"column":4}},"16":{"start":{"line":159,"column":12},"end":{"line":178,"column":18}},"17":{"start":{"line":188,"column":12},"end":{"line":220,"column":18}}},"fnMap":{"0":{"name":"EmployeeProfile","decl":{"start":{"line":51,"column":16},"end":{"line":51,"column":31}},"loc":{"start":{"line":51,"column":88},"end":{"line":226,"column":1}},"line":51},"1":{"name":"(anonymous_1)","decl":{"start":{"line":52,"column":24},"end":{"line":52,"column":25}},"loc":{"start":{"line":52,"column":43},"end":{"line":65,"column":3}},"line":52},"2":{"name":"(anonymous_2)","decl":{"start":{"line":67,"column":23},"end":{"line":67,"column":24}},"loc":{"start":{"line":67,"column":41},"end":{"line":78,"column":3}},"line":67},"3":{"name":"(anonymous_3)","decl":{"start":{"line":158,"column":26},"end":{"line":158,"column":27}},"loc":{"start":{"line":159,"column":12},"end":{"line":178,"column":18}},"line":159},"4":{"name":"(anonymous_4)","decl":{"start":{"line":187,"column":30},"end":{"line":187,"column":31}},"loc":{"start":{"line":188,"column":12},"end":{"line":220,"column":18}},"line":188}},"branchMap":{"0":{"loc":{"start":{"line":53,"column":4},"end":{"line":64,"column":5}},"type":"switch","locations":[{"start":{"line":54,"column":6},"end":{"line":55,"column":45}},{"start":{"line":56,"column":6},"end":{"line":57,"column":43}},{"start":{"line":58,"column":6},"end":{"line":59,"column":47}},{"start":{"line":60,"column":6},"end":{"line":61,"column":41}},{"start":{"line":62,"column":6},"end":{"line":63,"column":43}}],"line":53},"1":{"loc":{"start":{"line":68,"column":4},"end":{"line":77,"column":5}},"type":"switch","locations":[{"start":{"line":69,"column":6},"end":{"line":70,"column":47}},{"start":{"line":71,"column":6},"end":{"line":72,"column":43}},{"start":{"line":73,"column":6},"end":{"line":74,"column":43}},{"start":{"line":75,"column":6},"end":{"line":76,"column":43}}],"line":68},"2":{"loc":{"start":{"line":121,"column":11},"end":{"line":126,"column":11}},"type":"binary-expr","locations":[{"start":{"line":121,"column":11},"end":{"line":121,"column":28}},{"start":{"line":122,"column":12},"end":{"line":125,"column":21}}],"line":121},"3":{"loc":{"start":{"line":149,"column":11},"end":{"line":154,"column":11}},"type":"binary-expr","locations":[{"start":{"line":149,"column":11},"end":{"line":149,"column":28}},{"start":{"line":150,"column":12},"end":{"line":153,"column":21}}],"line":149},"4":{"loc":{"start":{"line":201,"column":20},"end":{"line":203,"column":51}},"type":"cond-expr","locations":[{"start":{"line":202,"column":24},"end":{"line":202,"column":53}},{"start":{"line":203,"column":24},"end":{"line":203,"column":51}}],"line":201},"5":{"loc":{"start":{"line":213,"column":22},"end":{"line":213,"column":86}},"type":"cond-expr","locations":[{"start":{"line":213,"column":56},"end":{"line":213,"column":70}},{"start":{"line":213,"column":73},"end":{"line":213,"column":86}}],"line":213}},"s":{"0":1,"1":1,"2":0,"3":0,"4":0,"5":0,"6":0,"7":0,"8":0,"9":0,"10":0,"11":0,"12":0,"13":0,"14":0,"15":0,"16":0,"17":0},"f":{"0":0,"1":0,"2":0,"3":0,"4":0},"b":{"0":[0,0,0,0,0],"1":[0,0,0,0],"2":[0,0],"3":[0,0],"4":[0,0],"5":[0,0]},"_coverageSchema":"1a1c01bbd47fc00a2c39e90264f33305004495a9","hash":"538cb939bd55410fbdfef319cec0c974352ecbda"}
,"C:\\Users\\user\\Desktop\\offfff\\FrontOffice\\src\\app\\components\\employees\\ViewEmployeeModel.tsx": {"path":"C:\\Users\\user\\Desktop\\offfff\\FrontOffice\\src\\app\\components\\employees\\ViewEmployeeModel.tsx","statementMap":{"0":{"start":{"line":17,"column":2},"end":{"line":17,"column":38}},"1":{"start":{"line":17,"column":26},"end":{"line":17,"column":38}},"2":{"start":{"line":20,"column":23},"end":{"line":29,"column":3}},"3":{"start":{"line":21,"column":4},"end":{"line":28,"column":5}},"4":{"start":{"line":23,"column":8},"end":{"line":23,"column":33}},"5":{"start":{"line":25,"column":8},"end":{"line":25,"column":44}},"6":{"start":{"line":27,"column":8},"end":{"line":27,"column":34}},"7":{"start":{"line":31,"column":2},"end":{"line":87,"column":4}}},"fnMap":{"0":{"name":"ViewEmployeeModal","decl":{"start":{"line":16,"column":24},"end":{"line":16,"column":41}},"loc":{"start":{"line":16,"column":78},"end":{"line":88,"column":1}},"line":16},"1":{"name":"(anonymous_1)","decl":{"start":{"line":20,"column":23},"end":{"line":20,"column":24}},"loc":{"start":{"line":20,"column":41},"end":{"line":29,"column":3}},"line":20}},"branchMap":{"0":{"loc":{"start":{"line":17,"column":2},"end":{"line":17,"column":38}},"type":"if","locations":[{"start":{"line":17,"column":2},"end":{"line":17,"column":38}},{"start":{},"end":{}}],"line":17},"1":{"loc":{"start":{"line":17,"column":6},"end":{"line":17,"column":24}},"type":"binary-expr","locations":[{"start":{"line":17,"column":6},"end":{"line":17,"column":11}},{"start":{"line":17,"column":15},"end":{"line":17,"column":24}}],"line":17},"2":{"loc":{"start":{"line":21,"column":4},"end":{"line":28,"column":5}},"type":"switch","locations":[{"start":{"line":22,"column":6},"end":{"line":23,"column":33}},{"start":{"line":24,"column":6},"end":{"line":25,"column":44}},{"start":{"line":26,"column":6},"end":{"line":27,"column":34}}],"line":21},"3":{"loc":{"start":{"line":85,"column":7},"end":{"line":85,"column":63}},"type":"binary-expr","locations":[{"start":{"line":85,"column":7},"end":{"line":85,"column":11}},{"start":{"line":85,"column":15},"end":{"line":85,"column":63}}],"line":85}},"s":{"0":21,"1":21,"2":0,"3":0,"4":0,"5":0,"6":0,"7":0},"f":{"0":21,"1":0},"b":{"0":[21,0],"1":[21,0],"2":[0,0,0],"3":[0,0]},"_coverageSchema":"1a1c01bbd47fc00a2c39e90264f33305004495a9","hash":"39bd6caefb9f107d2f1df3be98ae09b68c59a333"}
,"C:\\Users\\user\\Desktop\\offfff\\FrontOffice\\src\\app\\components\\views\\Employees.tsx": {"path":"C:\\Users\\user\\Desktop\\offfff\\FrontOffice\\src\\app\\components\\views\\Employees.tsx","statementMap":{"0":{"start":{"line":28,"column":36},"end":{"line":28,"column":60}},"1":{"start":{"line":29,"column":36},"end":{"line":29,"column":51}},"2":{"start":{"line":30,"column":38},"end":{"line":30,"column":50}},"3":{"start":{"line":31,"column":54},"end":{"line":31,"column":69}},"4":{"start":{"line":32,"column":50},"end":{"line":32,"column":79}},"5":{"start":{"line":33,"column":48},"end":{"line":33,"column":79}},"6":{"start":{"line":34,"column":42},"end":{"line":34,"column":73}},"7":{"start":{"line":35,"column":34},"end":{"line":35,"column":49}},"8":{"start":{"line":38,"column":40},"end":{"line":38,"column":51}},"9":{"start":{"line":39,"column":23},"end":{"line":39,"column":24}},"10":{"start":{"line":42,"column":22},"end":{"line":42,"column":83}},"11":{"start":{"line":44,"column":25},"end":{"line":55,"column":3}},"12":{"start":{"line":45,"column":4},"end":{"line":54,"column":5}},"13":{"start":{"line":46,"column":18},"end":{"line":46,"column":38}},"14":{"start":{"line":47,"column":30},"end":{"line":50,"column":9}},"15":{"start":{"line":47,"column":58},"end":{"line":50,"column":7}},"16":{"start":{"line":51,"column":6},"end":{"line":51,"column":36}},"17":{"start":{"line":53,"column":6},"end":{"line":53,"column":57}},"18":{"start":{"line":57,"column":2},"end":{"line":59,"column":9}},"19":{"start":{"line":58,"column":4},"end":{"line":58,"column":21}},"20":{"start":{"line":62,"column":28},"end":{"line":72,"column":4}},"21":{"start":{"line":64,"column":6},"end":{"line":66,"column":68}},"22":{"start":{"line":69,"column":6},"end":{"line":69,"column":75}},"23":{"start":{"line":71,"column":4},"end":{"line":71,"column":46}},"24":{"start":{"line":75,"column":22},"end":{"line":75,"column":48}},"25":{"start":{"line":76,"column":23},"end":{"line":76,"column":49}},"26":{"start":{"line":77,"column":29},"end":{"line":77,"column":79}},"27":{"start":{"line":78,"column":21},"end":{"line":78,"column":71}},"28":{"start":{"line":81,"column":2},"end":{"line":83,"column":39}},"29":{"start":{"line":82,"column":4},"end":{"line":82,"column":22}},"30":{"start":{"line":85,"column":2},"end":{"line":93,"column":3}},"31":{"start":{"line":86,"column":4},"end":{"line":92,"column":6}},"32":{"start":{"line":89,"column":22},"end":{"line":89,"column":47}},"33":{"start":{"line":95,"column":2},"end":{"line":323,"column":4}},"34":{"start":{"line":109,"column":27},"end":{"line":109,"column":45}},"35":{"start":{"line":134,"column":37},"end":{"line":134,"column":66}},"36":{"start":{"line":151,"column":31},"end":{"line":151,"column":68}},"37":{"start":{"line":155,"column":16},"end":{"line":155,"column":63}},"38":{"start":{"line":183,"column":14},"end":{"line":256,"column":19}},"39":{"start":{"line":223,"column":24},"end":{"line":223,"column":50}},"40":{"start":{"line":224,"column":24},"end":{"line":224,"column":42}},"41":{"start":{"line":234,"column":41},"end":{"line":234,"column":69}},"42":{"start":{"line":242,"column":28},"end":{"line":245,"column":29}},"43":{"start":{"line":243,"column":30},"end":{"line":243,"column":64}},"44":{"start":{"line":244,"column":30},"end":{"line":244,"column":47}},"45":{"start":{"line":272,"column":29},"end":{"line":272,"column":55}},"46":{"start":{"line":272,"column":49},"end":{"line":272,"column":54}},"47":{"start":{"line":278,"column":14},"end":{"line":286,"column":23}},"48":{"start":{"line":283,"column":31},"end":{"line":283,"column":52}},"49":{"start":{"line":292,"column":29},"end":{"line":292,"column":55}},"50":{"start":{"line":292,"column":49},"end":{"line":292,"column":54}},"51":{"start":{"line":305,"column":23},"end":{"line":305,"column":42}},"52":{"start":{"line":312,"column":23},"end":{"line":312,"column":47}},"53":{"start":{"line":319,"column":23},"end":{"line":319,"column":41}}},"fnMap":{"0":{"name":"Employees","decl":{"start":{"line":27,"column":16},"end":{"line":27,"column":25}},"loc":{"start":{"line":27,"column":56},"end":{"line":324,"column":1}},"line":27},"1":{"name":"(anonymous_1)","decl":{"start":{"line":44,"column":25},"end":{"line":44,"column":26}},"loc":{"start":{"line":44,"column":37},"end":{"line":55,"column":3}},"line":44},"2":{"name":"(anonymous_2)","decl":{"start":{"line":47,"column":43},"end":{"line":47,"column":44}},"loc":{"start":{"line":47,"column":58},"end":{"line":50,"column":7}},"line":47},"3":{"name":"(anonymous_3)","decl":{"start":{"line":57,"column":12},"end":{"line":57,"column":13}},"loc":{"start":{"line":57,"column":18},"end":{"line":59,"column":3}},"line":57},"4":{"name":"(anonymous_4)","decl":{"start":{"line":62,"column":45},"end":{"line":62,"column":46}},"loc":{"start":{"line":62,"column":54},"end":{"line":72,"column":3}},"line":62},"5":{"name":"(anonymous_5)","decl":{"start":{"line":81,"column":12},"end":{"line":81,"column":13}},"loc":{"start":{"line":81,"column":18},"end":{"line":83,"column":3}},"line":81},"6":{"name":"(anonymous_6)","decl":{"start":{"line":89,"column":16},"end":{"line":89,"column":17}},"loc":{"start":{"line":89,"column":22},"end":{"line":89,"column":47}},"line":89},"7":{"name":"(anonymous_7)","decl":{"start":{"line":109,"column":21},"end":{"line":109,"column":22}},"loc":{"start":{"line":109,"column":27},"end":{"line":109,"column":45}},"line":109},"8":{"name":"(anonymous_8)","decl":{"start":{"line":134,"column":30},"end":{"line":134,"column":31}},"loc":{"start":{"line":134,"column":37},"end":{"line":134,"column":66}},"line":134},"9":{"name":"(anonymous_9)","decl":{"start":{"line":151,"column":24},"end":{"line":151,"column":25}},"loc":{"start":{"line":151,"column":31},"end":{"line":151,"column":68}},"line":151},"10":{"name":"(anonymous_10)","decl":{"start":{"line":154,"column":31},"end":{"line":154,"column":32}},"loc":{"start":{"line":155,"column":16},"end":{"line":155,"column":63}},"line":155},"11":{"name":"(anonymous_11)","decl":{"start":{"line":182,"column":36},"end":{"line":182,"column":37}},"loc":{"start":{"line":183,"column":14},"end":{"line":256,"column":19}},"line":183},"12":{"name":"(anonymous_12)","decl":{"start":{"line":222,"column":31},"end":{"line":222,"column":32}},"loc":{"start":{"line":222,"column":37},"end":{"line":225,"column":23}},"line":222},"13":{"name":"(anonymous_13)","decl":{"start":{"line":234,"column":35},"end":{"line":234,"column":36}},"loc":{"start":{"line":234,"column":41},"end":{"line":234,"column":69}},"line":234},"14":{"name":"(anonymous_14)","decl":{"start":{"line":241,"column":35},"end":{"line":241,"column":36}},"loc":{"start":{"line":241,"column":47},"end":{"line":246,"column":27}},"line":241},"15":{"name":"(anonymous_15)","decl":{"start":{"line":272,"column":23},"end":{"line":272,"column":24}},"loc":{"start":{"line":272,"column":29},"end":{"line":272,"column":55}},"line":272},"16":{"name":"(anonymous_16)","decl":{"start":{"line":272,"column":44},"end":{"line":272,"column":45}},"loc":{"start":{"line":272,"column":49},"end":{"line":272,"column":54}},"line":272},"17":{"name":"(anonymous_17)","decl":{"start":{"line":277,"column":40},"end":{"line":277,"column":41}},"loc":{"start":{"line":278,"column":14},"end":{"line":286,"column":23}},"line":278},"18":{"name":"(anonymous_18)","decl":{"start":{"line":283,"column":25},"end":{"line":283,"column":26}},"loc":{"start":{"line":283,"column":31},"end":{"line":283,"column":52}},"line":283},"19":{"name":"(anonymous_19)","decl":{"start":{"line":292,"column":23},"end":{"line":292,"column":24}},"loc":{"start":{"line":292,"column":29},"end":{"line":292,"column":55}},"line":292},"20":{"name":"(anonymous_20)","decl":{"start":{"line":292,"column":44},"end":{"line":292,"column":45}},"loc":{"start":{"line":292,"column":49},"end":{"line":292,"column":54}},"line":292},"21":{"name":"(anonymous_21)","decl":{"start":{"line":305,"column":17},"end":{"line":305,"column":18}},"loc":{"start":{"line":305,"column":23},"end":{"line":305,"column":42}},"line":305},"22":{"name":"(anonymous_22)","decl":{"start":{"line":312,"column":17},"end":{"line":312,"column":18}},"loc":{"start":{"line":312,"column":23},"end":{"line":312,"column":47}},"line":312},"23":{"name":"(anonymous_23)","decl":{"start":{"line":319,"column":17},"end":{"line":319,"column":18}},"loc":{"start":{"line":319,"column":23},"end":{"line":319,"column":41}},"line":319}},"branchMap":{"0":{"loc":{"start":{"line":64,"column":6},"end":{"line":66,"column":68}},"type":"binary-expr","locations":[{"start":{"line":64,"column":6},"end":{"line":64,"column":64}},{"start":{"line":65,"column":6},"end":{"line":65,"column":65}},{"start":{"line":66,"column":6},"end":{"line":66,"column":68}}],"line":64},"1":{"loc":{"start":{"line":69,"column":6},"end":{"line":69,"column":75}},"type":"binary-expr","locations":[{"start":{"line":69,"column":6},"end":{"line":69,"column":34}},{"start":{"line":69,"column":38},"end":{"line":69,"column":75}}],"line":69},"2":{"loc":{"start":{"line":71,"column":11},"end":{"line":71,"column":45}},"type":"binary-expr","locations":[{"start":{"line":71,"column":11},"end":{"line":71,"column":24}},{"start":{"line":71,"column":28},"end":{"line":71,"column":45}}],"line":71},"3":{"loc":{"start":{"line":85,"column":2},"end":{"line":93,"column":3}},"type":"if","locations":[{"start":{"line":85,"column":2},"end":{"line":93,"column":3}},{"start":{},"end":{}}],"line":85},"4":{"loc":{"start":{"line":107,"column":9},"end":{"line":115,"column":9}},"type":"binary-expr","locations":[{"start":{"line":107,"column":9},"end":{"line":107,"column":26}},{"start":{"line":108,"column":10},"end":{"line":114,"column":19}}],"line":107},"5":{"loc":{"start":{"line":188,"column":23},"end":{"line":188,"column":66}},"type":"binary-expr","locations":[{"start":{"line":188,"column":23},"end":{"line":188,"column":38}},{"start":{"line":188,"column":42},"end":{"line":188,"column":66}}],"line":188},"6":{"loc":{"start":{"line":207,"column":21},"end":{"line":207,"column":46}},"type":"binary-expr","locations":[{"start":{"line":207,"column":21},"end":{"line":207,"column":41}},{"start":{"line":207,"column":45},"end":{"line":207,"column":46}}],"line":207},"7":{"loc":{"start":{"line":213,"column":21},"end":{"line":213,"column":50}},"type":"binary-expr","locations":[{"start":{"line":213,"column":21},"end":{"line":213,"column":45}},{"start":{"line":213,"column":49},"end":{"line":213,"column":50}}],"line":213},"8":{"loc":{"start":{"line":230,"column":21},"end":{"line":251,"column":21}},"type":"binary-expr","locations":[{"start":{"line":230,"column":21},"end":{"line":230,"column":38}},{"start":{"line":231,"column":22},"end":{"line":250,"column":25}}],"line":230},"9":{"loc":{"start":{"line":242,"column":28},"end":{"line":245,"column":29}},"type":"if","locations":[{"start":{"line":242,"column":28},"end":{"line":245,"column":29}},{"start":{},"end":{}}],"line":242},"10":{"loc":{"start":{"line":264,"column":35},"end":{"line":264,"column":50}},"type":"binary-expr","locations":[{"start":{"line":264,"column":35},"end":{"line":264,"column":45}},{"start":{"line":264,"column":49},"end":{"line":264,"column":50}}],"line":264},"11":{"loc":{"start":{"line":281,"column":18},"end":{"line":281,"column":70}},"type":"cond-expr","locations":[{"start":{"line":281,"column":42},"end":{"line":281,"column":65}},{"start":{"line":281,"column":68},"end":{"line":281,"column":70}}],"line":281},"12":{"loc":{"start":{"line":291,"column":24},"end":{"line":291,"column":70}},"type":"binary-expr","locations":[{"start":{"line":291,"column":24},"end":{"line":291,"column":50}},{"start":{"line":291,"column":54},"end":{"line":291,"column":70}}],"line":291}},"s":{"0":23,"1":23,"2":23,"3":23,"4":23,"5":23,"6":23,"7":23,"8":23,"9":23,"10":23,"11":23,"12":9,"13":9,"14":9,"15":18,"16":9,"17":0,"18":23,"19":7,"20":23,"21":32,"22":32,"23":32,"24":23,"25":23,"26":23,"27":23,"28":23,"29":9,"30":23,"31":0,"32":0,"33":23,"34":3,"35":2,"36":0,"37":138,"38":28,"39":0,"40":0,"41":0,"42":1,"43":1,"44":1,"45":0,"46":0,"47":16,"48":0,"49":0,"50":0,"51":2,"52":0,"53":0},"f":{"0":23,"1":9,"2":18,"3":7,"4":32,"5":9,"6":0,"7":3,"8":2,"9":0,"10":138,"11":28,"12":0,"13":0,"14":1,"15":0,"16":0,"17":16,"18":0,"19":0,"20":0,"21":2,"22":0,"23":0},"b":{"0":[32,4,4],"1":[32,0],"2":[32,28],"3":[0,23],"4":[23,23],"5":[28,0],"6":[28,0],"7":[28,0],"8":[28,28],"9":[1,0],"10":[23,7],"11":[16,0],"12":[23,7]},"_coverageSchema":"1a1c01bbd47fc00a2c39e90264f33305004495a9","hash":"be8f4927e19820b699242b670846be84d2bca93a"}
}
