TN:
SF:src\app\components\employees\AddEmployeeModel.tsx
FN:10,AddEmployeeModal
FN:26,(anonymous_1)
FN:32,(anonymous_2)
FN:157,(anonymous_3)
FNF:4
FNH:3
FNDA:25,AddEmployeeModal
FNDA:4,(anonymous_1)
FNDA:1,(anonymous_2)
FNDA:0,(anonymous_3)
DA:15,25
DA:22,25
DA:24,25
DA:26,7
DA:29,4
DA:32,7
DA:33,1
DA:36,1
DA:37,0
DA:38,0
DA:42,1
DA:43,0
DA:44,0
DA:45,0
DA:48,0
DA:49,0
DA:50,0
DA:54,1
DA:55,1
DA:57,1
DA:58,1
DA:59,1
DA:60,1
DA:62,1
DA:63,0
DA:66,1
DA:68,1
DA:69,1
DA:72,1
DA:78,1
DA:80,0
DA:81,0
DA:85,7
DA:158,0
DA:159,0
LF:35
LH:22
BRDA:24,0,0,18
BRDA:24,0,1,7
BRDA:36,1,0,0
BRDA:36,1,1,1
BRDA:36,2,0,1
BRDA:36,2,1,1
BRDA:36,2,2,1
BRDA:42,3,0,0
BRDA:42,3,1,1
BRDA:43,4,0,0
BRDA:43,4,1,0
BRDA:48,5,0,0
BRDA:48,5,1,0
BRDA:62,6,0,0
BRDA:62,6,1,1
BRDA:81,7,0,0
BRDA:81,7,1,0
BRDA:150,8,0,7
BRDA:150,8,1,6
BRDA:158,9,0,0
BRDA:158,9,1,0
BRDA:187,10,0,7
BRDA:187,10,1,7
BRF:23
BRH:12
end_of_record
TN:
SF:src\app\components\employees\EditEmployeeModel.tsx
FN:4,EditEmployeeModal
FN:23,(anonymous_1)
FN:36,(anonymous_2)
FN:40,(anonymous_3)
FNF:4
FNH:2
FNDA:21,EditEmployeeModal
FNDA:7,(anonymous_1)
FNDA:0,(anonymous_2)
FNDA:0,(anonymous_3)
DA:16,21
DA:23,21
DA:24,7
DA:25,0
DA:34,21
DA:36,0
DA:37,0
DA:40,0
DA:41,0
DA:42,0
DA:43,0
DA:44,0
DA:45,0
DA:47,0
DA:48,0
DA:52,0
LF:16
LH:4
BRDA:24,0,0,0
BRDA:24,0,1,7
BRDA:26,1,0,0
BRDA:26,1,1,0
BRDA:27,2,0,0
BRDA:27,2,1,0
BRDA:29,3,0,0
BRDA:29,3,1,0
BRDA:34,4,0,21
BRDA:34,4,1,0
BRDA:34,5,0,21
BRDA:34,5,1,0
BRDA:95,6,0,0
BRDA:95,6,1,0
BRDA:132,7,0,0
BRDA:132,7,1,0
BRF:16
BRH:3
end_of_record
TN:
SF:src\app\components\employees\EmployeeProfile.tsx
FN:51,EmployeeProfile
FN:52,(anonymous_1)
FN:67,(anonymous_2)
FN:158,(anonymous_3)
FN:187,(anonymous_4)
FNF:5
FNH:0
FNDA:0,EmployeeProfile
FNDA:0,(anonymous_1)
FNDA:0,(anonymous_2)
FNDA:0,(anonymous_3)
FNDA:0,(anonymous_4)
DA:18,1
DA:27,1
DA:52,0
DA:53,0
DA:55,0
DA:57,0
DA:59,0
DA:61,0
DA:63,0
DA:67,0
DA:68,0
DA:70,0
DA:72,0
DA:74,0
DA:76,0
DA:80,0
DA:159,0
DA:188,0
LF:18
LH:2
BRDA:53,0,0,0
BRDA:53,0,1,0
BRDA:53,0,2,0
BRDA:53,0,3,0
BRDA:53,0,4,0
BRDA:68,1,0,0
BRDA:68,1,1,0
BRDA:68,1,2,0
BRDA:68,1,3,0
BRDA:121,2,0,0
BRDA:121,2,1,0
BRDA:149,3,0,0
BRDA:149,3,1,0
BRDA:201,4,0,0
BRDA:201,4,1,0
BRDA:213,5,0,0
BRDA:213,5,1,0
BRF:17
BRH:0
end_of_record
TN:
SF:src\app\components\employees\ViewEmployeeModel.tsx
FN:16,ViewEmployeeModal
FN:20,(anonymous_1)
FNF:2
FNH:1
FNDA:21,ViewEmployeeModal
FNDA:0,(anonymous_1)
DA:17,21
DA:20,0
DA:21,0
DA:23,0
DA:25,0
DA:27,0
DA:31,0
LF:7
LH:1
BRDA:17,0,0,21
BRDA:17,0,1,0
BRDA:17,1,0,21
BRDA:17,1,1,0
BRDA:21,2,0,0
BRDA:21,2,1,0
BRDA:21,2,2,0
BRDA:85,3,0,0
BRDA:85,3,1,0
BRF:9
BRH:2
end_of_record
TN:
SF:src\app\components\views\Employees.tsx
FN:27,Employees
FN:44,(anonymous_1)
FN:47,(anonymous_2)
FN:57,(anonymous_3)
FN:62,(anonymous_4)
FN:81,(anonymous_5)
FN:89,(anonymous_6)
FN:109,(anonymous_7)
FN:134,(anonymous_8)
FN:151,(anonymous_9)
FN:154,(anonymous_10)
FN:182,(anonymous_11)
FN:222,(anonymous_12)
FN:234,(anonymous_13)
FN:241,(anonymous_14)
FN:272,(anonymous_15)
FN:272,(anonymous_16)
FN:277,(anonymous_17)
FN:283,(anonymous_18)
FN:292,(anonymous_19)
FN:292,(anonymous_20)
FN:305,(anonymous_21)
FN:312,(anonymous_22)
FN:319,(anonymous_23)
FNF:24
FNH:13
FNDA:23,Employees
FNDA:9,(anonymous_1)
FNDA:18,(anonymous_2)
FNDA:7,(anonymous_3)
FNDA:32,(anonymous_4)
FNDA:9,(anonymous_5)
FNDA:0,(anonymous_6)
FNDA:3,(anonymous_7)
FNDA:2,(anonymous_8)
FNDA:0,(anonymous_9)
FNDA:138,(anonymous_10)
FNDA:28,(anonymous_11)
FNDA:0,(anonymous_12)
FNDA:0,(anonymous_13)
FNDA:1,(anonymous_14)
FNDA:0,(anonymous_15)
FNDA:0,(anonymous_16)
FNDA:16,(anonymous_17)
FNDA:0,(anonymous_18)
FNDA:0,(anonymous_19)
FNDA:0,(anonymous_20)
FNDA:2,(anonymous_21)
FNDA:0,(anonymous_22)
FNDA:0,(anonymous_23)
DA:28,23
DA:29,23
DA:30,23
DA:31,23
DA:32,23
DA:33,23
DA:34,23
DA:35,23
DA:38,23
DA:39,23
DA:42,23
DA:44,23
DA:45,9
DA:46,9
DA:47,18
DA:51,9
DA:53,0
DA:57,23
DA:58,7
DA:62,23
DA:64,32
DA:69,32
DA:71,32
DA:75,23
DA:76,23
DA:77,23
DA:78,23
DA:81,23
DA:82,9
DA:85,23
DA:86,0
DA:89,0
DA:95,23
DA:109,3
DA:134,2
DA:151,0
DA:155,138
DA:183,28
DA:223,0
DA:224,0
DA:234,0
DA:242,1
DA:243,1
DA:244,1
DA:272,0
DA:278,16
DA:283,0
DA:292,0
DA:305,2
DA:312,0
DA:319,0
LF:51
LH:39
BRDA:64,0,0,32
BRDA:64,0,1,4
BRDA:64,0,2,4
BRDA:69,1,0,32
BRDA:69,1,1,0
BRDA:71,2,0,32
BRDA:71,2,1,28
BRDA:85,3,0,0
BRDA:85,3,1,23
BRDA:107,4,0,23
BRDA:107,4,1,23
BRDA:188,5,0,28
BRDA:188,5,1,0
BRDA:207,6,0,28
BRDA:207,6,1,0
BRDA:213,7,0,28
BRDA:213,7,1,0
BRDA:230,8,0,28
BRDA:230,8,1,28
BRDA:242,9,0,1
BRDA:242,9,1,0
BRDA:264,10,0,23
BRDA:264,10,1,7
BRDA:281,11,0,16
BRDA:281,11,1,0
BRDA:291,12,0,23
BRDA:291,12,1,7
BRF:27
BRH:20
end_of_record
